  CGameScene.cpp
c:\users\jsb\desktop\rop (2)\cgamescene.cpp(4): warning C4459: 'stage' 선언은 전역 선언을 숨깁니다.
  c:\users\jsb\desktop\rop (2)\game.h(15): note: 'stage' 선언을 참조하십시오.
c:\users\jsb\desktop\rop (2)\cgamescene.cpp(57): warning C4244: '=': 'int'에서 'FLOAT'(으)로 변환하면서 데이터가 손실될 수 있습니다.
c:\users\jsb\desktop\rop (2)\cgamescene.cpp(63): warning C4244: '=': 'int'에서 'FLOAT'(으)로 변환하면서 데이터가 손실될 수 있습니다.
c:\users\jsb\desktop\rop (2)\cgamescene.cpp(71): warning C4244: '=': 'int'에서 'FLOAT'(으)로 변환하면서 데이터가 손실될 수 있습니다.
c:\users\jsb\desktop\rop (2)\cgamescene.cpp(80): warning C4244: '=': 'int'에서 'FLOAT'(으)로 변환하면서 데이터가 손실될 수 있습니다.
c:\users\jsb\desktop\rop (2)\cgamescene.cpp(213): warning C4244: '=': 'float'에서 'int'(으)로 변환하면서 데이터가 손실될 수 있습니다.
c:\users\jsb\desktop\rop (2)\cgamescene.cpp(215): warning C4244: '=': 'float'에서 'int'(으)로 변환하면서 데이터가 손실될 수 있습니다.
c:\users\jsb\desktop\rop (2)\cgamescene.cpp(252): warning C4244: '+=': 'float'에서 'int'(으)로 변환하면서 데이터가 손실될 수 있습니다.
c:\users\jsb\desktop\rop (2)\cgamescene.cpp(258): warning C4244: '+=': 'float'에서 'int'(으)로 변환하면서 데이터가 손실될 수 있습니다.
c:\users\jsb\desktop\rop (2)\cgamescene.cpp(310): warning C4018: '<': signed 또는 unsigned가 일치하지 않습니다.
c:\users\jsb\desktop\rop (2)\cgamescene.cpp(526): warning C4244: '초기화 중': 'float'에서 'int'(으)로 변환하면서 데이터가 손실될 수 있습니다.
c:\users\jsb\desktop\rop (2)\cgamescene.cpp(530): warning C4018: '>=': signed 또는 unsigned가 일치하지 않습니다.
c:\users\jsb\desktop\rop (2)\cgamescene.cpp(568): warning C4456: 'entryPos' 선언은 이전 로컬 선언을 숨깁니다.
  c:\users\jsb\desktop\rop (2)\cgamescene.cpp(533): note: 'entryPos' 선언을 참조하십시오.
c:\users\jsb\desktop\rop (2)\cgamescene.cpp(577): warning C4018: '<': signed 또는 unsigned가 일치하지 않습니다.
c:\users\jsb\desktop\rop (2)\cgamescene.cpp(600): warning C4244: '초기화 중': 'FLOAT'에서 'int'(으)로 변환하면서 데이터가 손실될 수 있습니다.
c:\users\jsb\desktop\rop (2)\cgamescene.cpp(602): warning C4018: '<': signed 또는 unsigned가 일치하지 않습니다.
c:\users\jsb\desktop\rop (2)\cgamescene.cpp(627): warning C4244: '+=': 'float'에서 'int'(으)로 변환하면서 데이터가 손실될 수 있습니다.
c:\users\jsb\desktop\rop (2)\cgamescene.cpp(697): warning C4018: '>=': signed 또는 unsigned가 일치하지 않습니다.
c:\users\jsb\desktop\rop (2)\cgamescene.cpp(974): warning C4244: '-=': 'float'에서 'int'(으)로 변환하면서 데이터가 손실될 수 있습니다.
c:\users\jsb\desktop\rop (2)\cgamescene.cpp(983): warning C4244: '-=': 'float'에서 'int'(으)로 변환하면서 데이터가 손실될 수 있습니다.
c:\users\jsb\desktop\rop (2)\cgamescene.cpp(1041): warning C4244: '-=': 'float'에서 'int'(으)로 변환하면서 데이터가 손실될 수 있습니다.
  ROP.cpp
  코드를 생성하고 있습니다.
  4 of 1937 functions ( 0.2%) were compiled, the rest were copied from previous compilation.
    0 functions were new in current compilation
    1 functions had inline decision re-evaluated but remain unchanged
  코드를 생성했습니다.
  ROP_2010.vcxproj -> C:\Users\JSB\Desktop\ROP (2)\Release\ROP.exe
